Episode 1: Total Reward = -1121.9875
/site-packages/gym/spaces/box.py:127: UserWarning: [33mWARN: Box bound precision lowered by casting to float32[0m
  logger.warn(f"Box bound precision lowered by casting to {self.dtype}")
ic| self.player.score: 0.0, self.high_score: 0, round(reward,1): 0.0
ic| self.player.score: 0.0, self.high_score: 0, round(reward,1): 0.0
ic| self.player.score: 0.0, self.high_score: 0, round(reward,1): 0.0
ic| self.player.score: 0.0, self.high_score: 0, round(reward,1): 0.0
ic| self.player.score: 0.0, self.high_score: 0, round(reward,1): 0.0
ic| self.player.score: 0.0, self.high_score: 0, round(reward,1): -10.0
ic| self.player.score: 0.0, self.high_score: 0, round(reward,1): -10.0
ic| self.player.score: 0.0, self.high_score: 0, round(reward,1): -10.0
ic| self.player.score: 0.0, self.high_score: 0, round(reward,1): -10.0
ic| self.player.score: 0.0, self.high_score: 0, round(reward,1): -10.0
ic| self.player.score: 0.0, self.high_score: 0, round(reward,1): -10.0
ic| self.player.score: 0.0, self.high_score: 0, round(reward,1): -10.0
ic| self.player.score: 0.0, self.high_score: 0, round(reward,1): -10.0
ic| self.player.score: 0.0, self.high_score: 0, round(reward,1): -10.0
ic| self.player.score: 0.0, self.high_score: 0, round(reward,1): -10.0
ic| self.player.score: 0.0, self.high_score: 0, round(reward,1): -10.0
ic| self.player.score: 0.0, self.high_score: 0, round(reward,1): -10.0
ic| self.player.score: 0.0, self.high_score: 0, round(reward,1): -10.0
ic| self.player.score: 0.0, self.high_score: 0, round(reward,1): -10.0
ic| self.player.score: 0.0, self.high_score: 0, round(reward,1): -10.0
ic| self.player.score: 0.0, self.high_score: 0, round(reward,1): -10.0
ic| self.player.score: 0.0, self.high_score: 0, round(reward,1): -10.0
ic| self.player.score: 0.0, self.high_score: 0, round(reward,1): -10.0
ic| self.player.score: 0.0, self.high_score: 0, round(reward,1): -10.0
ic| self.player.score: 0.0, self.high_score: 0, round(reward,1): -10.0
ic| self.player.score: 0.0, self.high_score: 0, round(reward,1): -10.0
ic| self.player.score: 0.0, self.high_score: 0, round(reward,1): -10.0
ic| self.player.score: 0.0, self.high_score: 0, round(reward,1): -10.0
ic| self.player.score: 0.0, self.high_score: 0, round(reward,1): -10.0
ic| self.player.score: 0.0, self.high_score: 0, round(reward,1): -10.0
ic| self.player.score: 0.0, self.high_score: 0, round(reward,1): -10.0
ic| self.player.score: 0.0, self.high_score: 0, round(reward,1): -10.0
ic| self.player.score: 0.0, self.high_score: 0, round(reward,1): -10.0
ic| self.player.score: 0.0, self.high_score: 0, round(reward,1): -10.0
ic| self.player.score: 0.0, self.high_score: 0, round(reward,1): -10.0
ic| self.player.score: 0.0, self.high_score: 0, round(reward,1): -10.0
ic| self.player.score: 0.0, self.high_score: 0, round(reward,1): -10.0
ic| self.player.score: 0.0, self.high_score: 0, round(reward,1): -10.0
ic| self.player.score: 0.0, self.high_score: 0, round(reward,1): -10.0
ic| self.player.score: 0.0, self.high_score: 0, round(reward,1): -10.0
ic| self.player.score: 0.0, self.high_score: 0, round(reward,1): -10.0
ic| self.player.score: 0.0, self.high_score: 0, round(reward,1): -10.0
ic| self.player.score: 0.0, self.high_score: 0, round(reward,1): -10.0
ic| self.player.score: 0.0, self.high_score: 0, round(reward,1): -10.0
ic| self.player.score: 0.0, self.high_score: 0, round(reward,1): -10.0
ic| self.player.score: 0.0, self.high_score: 0, round(reward,1): -10.0
ic| self.player.score: 0.0, self.high_score: 0, round(reward,1): -10.0
ic| self.player.score: 0.0, self.high_score: 0, round(reward,1): -10.0
ic| self.player.score: 0.0, self.high_score: 0, round(reward,1): -10.0
ic| self.player.score: 0.0, self.high_score: 0, round(reward,1): -10.0
ic| self.player.score: 0.0, self.high_score: 0, round(reward,1): -10.0
ic| self.player.score: 0.0, self.high_score: 0, round(reward,1): -10.0
ic| self.player.score: 0.0, self.high_score: 0, round(reward,1): -10.0
ic| self.player.score: 0.0, self.high_score: 0, round(reward,1): -10.0
ic| self.player.score: 0.0, self.high_score: 0, round(reward,1): -10.0
ic| self.player.score: 0.0, self.high_score: 0, round(reward,1): -10.0
ic| self.player.score: 0.0, self.high_score: 0, round(reward,1): -10.0
ic| self.player.score: 0.0, self.high_score: 0, round(reward,1): -10.0
ic| self.player.score: 0.0, self.high_score: 0, round(reward,1): -10.0
ic| self.player.score: 0.0, self.high_score: 0, round(reward,1): -10.0
ic| self.player.score: 0.0, self.high_score: 0, round(reward,1): -10.0
ic| self.player.score: 0.0, self.high_score: 0, round(reward,1): -10.0
ic| self.player.score: 0.0, self.high_score: 0, round(reward,1): -10.0
ic| self.player.score: 0.0, self.high_score: 0, round(reward,1): -10.0
ic| self.player.score: 0.0, self.high_score: 0, round(reward,1): -10.0
ic| self.player.score: 0.0, self.high_score: 0, round(reward,1): -10.0
ic| self.player.score: 0.0, self.high_score: 0, round(reward,1): -10.0
ic| self.player.score: 0.0, self.high_score: 0, round(reward,1): -10.0
ic| self.player.score: 0.0, self.high_score: 0, round(reward,1): -10.0
ic| self.player.score: 0.0, self.high_score: 0, round(reward,1): -10.0
ic| self.player.score: 0.0, self.high_score: 0, round(reward,1): -10.0
ic| self.player.score: 0.0, self.high_score: 0, round(reward,1): -10.0
ic| self.player.score: 0.0, self.high_score: 0, round(reward,1): -10.0
ic| self.player.score: 0.0, self.high_score: 0, round(reward,1): -10.0
ic| self.player.score: 0.0, self.high_score: 0, round(reward,1): -10.0
ic| self.player.score: 0.0, self.high_score: 0, round(reward,1): -10.0
ic| self.player.score: 0.0, self.high_score: 0, round(reward,1): -10.0
ic| self.player.score: 0.0, self.high_score: 0, round(reward,1): -10.0
ic| self.player.score: 0.0, self.high_score: 0, round(reward,1): -10.0
ic| self.player.score: 0.0, self.high_score: 0, round(reward,1): -10.0
ic| self.player.score: 0.0, self.high_score: 0, round(reward,1): -10.0
ic| self.player.score: 0.0, self.high_score: 0, round(reward,1): -10.0
ic| self.player.score: 0.0, self.high_score: 0, round(reward,1): -10.0
ic| self.player.score: 0.0, self.high_score: 0, round(reward,1): -10.0
ic| self.player.score: 0.0, self.high_score: 0, round(reward,1): -10.0
ic| self.player.score: 0.0, self.high_score: 0, round(reward,1): -10.0
ic| self.player.score: 0.0, self.high_score: 0, round(reward,1): -10.0
ic| self.player.score: 0.0, self.high_score: 0, round(reward,1): -10.0
ic| self.player.score: 0.0, self.high_score: 0, round(reward,1): -10.0
ic| self.player.score: 0.0, self.high_score: 0, round(reward,1): -10.0
ic| self.player.score: 0.0, self.high_score: 0, round(reward,1): -10.0
ic| self.player.score: 0.0, self.high_score: 0, round(reward,1): -10.0
ic| self.player.score: 0.0, self.high_score: 0, round(reward,1): -10.0
ic| self.player.score: 0.0, self.high_score: 0, round(reward,1): -10.0
ic| self.player.score: 0.0, self.high_score: 0, round(reward,1): -10.0
ic| self.player.score: 0.0, self.high_score: 0, round(reward,1): -10.0
ic| self.player.score: 0.0, self.high_score: 0, round(reward,1): -10.0
ic| self.player.score: 0.0, self.high_score: 0, round(reward,1): -10.0
ic| self.player.score: 0.0, self.high_score: 0, round(reward,1): -10.0
ic| self.player.score: 0.0, self.high_score: 0, round(reward,1): -10.0
ic| self.player.score: 0.0, self.high_score: 0, round(reward,1): -10.0
ic| self.player.score: 0.0, self.high_score: 0, round(reward,1): -10.0
ic| self.player.score: 0.0, self.high_score: 0, round(reward,1): -10.0
ic| self.player.score: 0.0, self.high_score: 0, round(reward,1): -10.0
ic| self.player.score: 0.0, self.high_score: 0, round(reward,1): -10.0
ic| self.player.score: 1.8577499999999958
    self.high_score: 0
    round(reward,1): -8.1
ic| self.player.score: 3.830999999999989
    self.high_score: 0
    round(reward,1): -6.2
ic| self.player.score: 5.778499999999994
    self.high_score: 0
    round(reward,1): -4.2
ic| self.player.score: 8.27262499999999
    self.high_score: 0
    round(reward,1): -1.7
ic| self.player.score: 8.27262499999999
    self.high_score: 0
    round(reward,1): -101.7
ic| self.player.score: 0.0, self.high_score: 0, round(reward,1): -10.0
ic| self.player.score: 0.0, self.high_score: 0, round(reward,1): -10.0
ic| self.player.score: 0.0, self.high_score: 0, round(reward,1): -10.0
ic| self.player.score: 0.0, self.high_score: 0, round(reward,1): -10.0
ic| self.player.score: 0.0, self.high_score: 0, round(reward,1): -10.0
ic| self.player.score: 0.0, self.high_score: 0, round(reward,1): -10.0
ic| self.player.score: 0.0, self.high_score: 0, round(reward,1): -10.0
ic| self.player.score: 0.0, self.high_score: 0, round(reward,1): -10.0
ic| self.player.score: 0.0, self.high_score: 0, round(reward,1): -10.0
ic| self.player.score: 0.0, self.high_score: 0, round(reward,1): -10.0
ic| self.player.score: 0.0, self.high_score: 0, round(reward,1): -10.0
ic| self.player.score: 0.0, self.high_score: 0, round(reward,1): -10.0
ic| self.player.score: 0.0, self.high_score: 0, round(reward,1): -10.0
ic| self.player.score: 0.0, self.high_score: 0, round(reward,1): -10.0
ic| self.player.score: 0.0, self.high_score: 0, round(reward,1): -10.0
ic| self.player.score: 0.0, self.high_score: 0, round(reward,1): -10.0
ic| self.player.score: 0.0, self.high_score: 0, round(reward,1): -10.0
ic| self.player.score: 0.0, self.high_score: 0, round(reward,1): -10.0
ic| self.player.score: 0.0, self.high_score: 0, round(reward,1): -10.0
ic| self.player.score: 0.0, self.high_score: 0, round(reward,1): -10.0
ic| self.player.score: 0.0, self.high_score: 0, round(reward,1): -10.0
ic| self.player.score: 0.0, self.high_score: 0, round(reward,1): -10.0
ic| self.player.score: 0.0, self.high_score: 0, round(reward,1): -10.0
ic| self.player.score: 0.0, self.high_score: 0, round(reward,1): -10.0
ic| self.player.score: 0.0, self.high_score: 0, round(reward,1): -10.0
ic| self.player.score: 0.0, self.high_score: 0, round(reward,1): -10.0
ic| self.player.score: 0.0, self.high_score: 0, round(reward,1): -10.0
ic| self.player.score: 0.0, self.high_score: 0, round(reward,1): -10.0
ic| self.player.score: 0.0, self.high_score: 0, round(reward,1): -10.0
ic| self.player.score: 0.0, self.high_score: 0, round(reward,1): -10.0
ic| self.player.score: 0.0, self.high_score: 0, round(reward,1): -10.0
ic| self.player.score: 0.0, self.high_score: 0, round(reward,1): -10.0
ic| self.player.score: 0.0, self.high_score: 0, round(reward,1): -10.0
ic| self.player.score: 0.0, self.high_score: 0, round(reward,1): -10.0
ic| self.player.score: 0.0, self.high_score: 0, round(reward,1): -10.0
ic| self.player.score: 0.0, self.high_score: 0, round(reward,1): -10.0
ic| self.player.score: 0.0, self.high_score: 0, round(reward,1): -10.0
ic| self.player.score: 0.0, self.high_score: 0, round(reward,1): -10.0
ic| self.player.score: 0.0, self.high_score: 0, round(reward,1): -10.0
ic| self.player.score: 0.0, self.high_score: 0, round(reward,1): -10.0
ic| self.player.score: 0.0, self.high_score: 0, round(reward,1): -10.0
ic| self.player.score: 0.0, self.high_score: 0, round(reward,1): -10.0
ic| self.player.score: 0.0, self.high_score: 0, round(reward,1): -10.0
ic| self.player.score: 0.0, self.high_score: 0, round(reward,1): -10.0
ic| self.player.score: 0.0, self.high_score: 0, round(reward,1): -10.0
ic| self.player.score: 0.0, self.high_score: 0, round(reward,1): -10.0
ic| self.player.score: 0.0, self.high_score: 0, round(reward,1): -10.0
ic| self.player.score: 0.0, self.high_score: 0, round(reward,1): -10.0
ic| self.player.score: 0.0, self.high_score: 0, round(reward,1): -10.0
ic| self.player.score: 0.0, self.high_score: 0, round(reward,1): -10.0
ic| self.player.score: 0.0, self.high_score: 0, round(reward,1): -10.0
ic| self.player.score: 0.0, self.high_score: 0, round(reward,1): -10.0
ic| self.player.score: 0.0, self.high_score: 0, round(reward,1): -10.0
ic| self.player.score: 0.0, self.high_score: 0, round(reward,1): -10.0
ic| self.player.score: 0.0, self.high_score: 0, round(reward,1): -10.0
ic| self.player.score: 0.0, self.high_score: 0, round(reward,1): -10.0
ic| self.player.score: 0.0, self.high_score: 0, round(reward,1): -10.0
ic| self.player.score: 0.0, self.high_score: 0, round(reward,1): -10.0
ic| self.player.score: 0.0, self.high_score: 0, round(reward,1): -10.0
ic| self.player.score: 0.0, self.high_score: 0, round(reward,1): -10.0
ic| self.player.score: 0.0, self.high_score: 0, round(reward,1): -10.0
ic| self.player.score: 0.0, self.high_score: 0, round(reward,1): -10.0
ic| self.player.score: 0.0, self.high_score: 0, round(reward,1): -10.0
ic| self.player.score: 0.576625000000007
    self.high_score: 0
    round(reward,1): -9.4
ic| self.player.score: 1.9939999999999998
    self.high_score: 0
    round(reward,1): -8.0
ic| self.player.score: 3.3029999999999973
    self.high_score: 0
    round(reward,1): -6.7
ic| self.player.score: 4.438999999999993
    self.high_score: 0
    round(reward,1): -5.6
ic| self.player.score: 5.764624999999995
    self.high_score: 0
    round(reward,1): -4.2
ic| self.player.score: 6.924875
    self.high_score: 0
    round(reward,1): -3.1
ic| self.player.score: 7.879874999999998
    self.high_score: 0
    round(reward,1): -2.1
ic| self.player.score: 8.684874999999991
    self.high_score: 0
    round(reward,1): -1.3
ic| self.player.score: 9.287874999999985
    self.high_score: 0
    round(reward,1): -0.7
ic| self.player.score: 9.807874999999981
    self.high_score: 0
    round(reward,1): -0.2
ic| self.player.score: 10.177874999999986
    self.high_score: 10.177874999999986
    round(reward,1): 0.2
ic| self.player.score: 10.400999999999982
    self.high_score: 10.177874999999986
    round(reward,1): -9.8
ic| self.player.score: 10.467499999999987
    self.high_score: 10.177874999999986
    round(reward,1): -9.7
ic| self.player.score: 10.467499999999987
    self.high_score: 10.177874999999986
    round(reward,1): -9.7
ic| self.player.score: 10.467499999999987
    self.high_score: 10.177874999999986
    round(reward,1): -9.7
ic| self.player.score: 10.467499999999987
    self.high_score: 10.177874999999986
    round(reward,1): -9.7
ic| self.player.score: 10.467499999999987
    self.high_score: 10.177874999999986
    round(reward,1): -9.7
ic| self.player.score: 10.467499999999987
    self.high_score: 10.177874999999986
    round(reward,1): -9.7
ic| self.player.score: 10.467499999999987
    self.high_score: 10.177874999999986
    round(reward,1): -9.7
ic| self.player.score: 10.467499999999987
    self.high_score: 10.177874999999986
    round(reward,1): -9.7
ic| self.player.score: 10.467499999999987
    self.high_score: 10.177874999999986
    round(reward,1): -9.7
ic| self.player.score: 10.467499999999987
    self.high_score: 10.177874999999986
    round(reward,1): -9.7
ic| self.player.score: 10.467499999999987
    self.high_score: 10.177874999999986
    round(reward,1): -9.7
ic| self.player.score: 10.467499999999987
    self.high_score: 10.177874999999986
    round(reward,1): -9.7
ic| self.player.score: 10.467499999999987
    self.high_score: 10.177874999999986
    round(reward,1): -9.7
ic| self.player.score: 10.467499999999987
    self.high_score: 10.177874999999986
    round(reward,1): -9.7
ic| self.player.score: 10.467499999999987
    self.high_score: 10.177874999999986
    round(reward,1): -9.7
ic| self.player.score: 10.467499999999987
    self.high_score: 10.177874999999986
    round(reward,1): -9.7
ic| self.player.score: 10.467499999999987
    self.high_score: 10.177874999999986
    round(reward,1): -9.7
ic| self.player.score: 10.467499999999987
    self.high_score: 10.177874999999986
    round(reward,1): -9.7
ic| self.player.score: 10.467499999999987
    self.high_score: 10.177874999999986
    round(reward,1): -9.7
ic| self.player.score: 10.467499999999987
    self.high_score: 10.177874999999986
    round(reward,1): -9.7
ic| self.player.score: 10.467499999999987
    self.high_score: 10.177874999999986
    round(reward,1): -9.7
ic| self.player.score: 10.467499999999987
    self.high_score: 10.177874999999986
    round(reward,1): -9.7
ic| self.player.score: 10.467499999999987
    self.high_score: 10.177874999999986
    round(reward,1): -9.7
ic| self.player.score: 10.467499999999987
    self.high_score: 10.177874999999986
    round(reward,1): -9.7
ic| self.player.score: 10.467499999999987
    self.high_score: 10.177874999999986
    round(reward,1): -9.7
ic| self.player.score: 10.467499999999987
    self.high_score: 10.177874999999986
    round(reward,1): -9.7
ic| self.player.score: 10.467499999999987
    self.high_score: 10.177874999999986
    round(reward,1): -9.7
ic| self.player.score: 10.467499999999987
    self.high_score: 10.177874999999986
    round(reward,1): -9.7
ic| self.player.score: 10.467499999999987
    self.high_score: 10.177874999999986
    round(reward,1): -9.7
ic| self.player.score: 10.467499999999987
    self.high_score: 10.177874999999986
    round(reward,1): -9.7
ic| self.player.score: 10.467499999999987
    self.high_score: 10.177874999999986
    round(reward,1): -9.7
ic| self.player.score: 10.467499999999987
    self.high_score: 10.177874999999986
    round(reward,1): -9.7
ic| self.player.score: 10.467499999999987
    self.high_score: 10.177874999999986
    round(reward,1): -9.7
ic| self.player.score: 10.467499999999987
    self.high_score: 10.177874999999986
    round(reward,1): -9.7
ic| self.player.score: 10.467499999999987
    self.high_score: 10.177874999999986
    round(reward,1): -9.7
ic| self.player.score: 10.467499999999987
    self.high_score: 10.177874999999986
    round(reward,1): -9.7
ic| self.player.score: 10.467499999999987
    self.high_score: 10.177874999999986
    round(reward,1): -9.7
ic| self.player.score: 10.467499999999987
    self.high_score: 10.177874999999986
    round(reward,1): -9.7
ic| self.player.score: 10.467499999999987
    self.high_score: 10.177874999999986
    round(reward,1): -9.7
ic| self.player.score: 10.467499999999987
    self.high_score: 10.177874999999986
    round(reward,1): -9.7
ic| self.player.score: 10.467499999999987
    self.high_score: 10.177874999999986
    round(reward,1): -9.7
ic| self.player.score: 10.467499999999987
    self.high_score: 10.177874999999986
    round(reward,1): -9.7
ic| self.player.score: 11.419749999999993
    self.high_score: 10.177874999999986
    round(reward,1): -8.8
ic| self.player.score: 12.690999999999988
    self.high_score: 10.177874999999986
    round(reward,1): -7.5
ic| self.player.score: 13.840749999999986
    self.high_score: 10.177874999999986
    round(reward,1): -6.3
ic| self.player.score: 14.868999999999986
    self.high_score: 10.177874999999986
    round(reward,1): -5.3
ic| self.player.score: 15.818999999999988
    self.high_score: 10.177874999999986
    round(reward,1): -4.4
ic| self.player.score: 16.668999999999983
    self.high_score: 10.177874999999986
    round(reward,1): -3.5
ic| self.player.score: 17.341124999999977
    self.high_score: 10.177874999999986
    round(reward,1): -2.8
ic| self.player.score: 17.877874999999975
    self.high_score: 10.177874999999986
    round(reward,1): -2.3
ic| self.player.score: 18.279249999999976
    self.high_score: 10.177874999999986
    round(reward,1): -1.9
ic| self.player.score: 18.54524999999998
    self.high_score: 10.177874999999986
    round(reward,1): -1.6
ic| self.player.score: 18.675874999999976
    self.high_score: 10.177874999999986
    round(reward,1): -1.5
ic| self.player.score: 18.675874999999976
    self.high_score: 10.177874999999986
    round(reward,1): -1.5
ic| self.player.score: 18.675874999999976
    self.high_score: 10.177874999999986
    round(reward,1): -1.5
ic| self.player.score: 18.675874999999976
    self.high_score: 10.177874999999986
    round(reward,1): -1.5
ic| self.player.score: 18.675874999999976
    self.high_score: 10.177874999999986
    round(reward,1): -1.5
ic| self.player.score: 18.675874999999976
    self.high_score: 10.177874999999986
    round(reward,1): -1.5
ic| self.player.score: 18.675874999999976
    self.high_score: 10.177874999999986
    round(reward,1): -1.5
ic| self.player.score: 18.675874999999976
    self.high_score: 10.177874999999986
    round(reward,1): -1.5
ic| self.player.score: 18.675874999999976
    self.high_score: 10.177874999999986
    round(reward,1): -1.5
ic| self.player.score: 18.675874999999976
    self.high_score: 10.177874999999986
    round(reward,1): -1.5
ic| self.player.score: 20.679625
    self.high_score: 20.679625
    round(reward,1): 0.5
ic| self.player.score: 23.243375
    self.high_score: 20.679625
    round(reward,1): -7.4
ic| self.player.score: 25.733625000000004
    self.high_score: 20.679625
    round(reward,1): -4.9
ic| self.player.score: 28.150374999999997
    self.high_score: 20.679625
    round(reward,1): -2.5
ic| self.player.score: 30.816374999999994
    self.high_score: 30.816374999999994
    round(reward,1): 0.1
ic| self.player.score: 33.07562499999999
    self.high_score: 30.816374999999994
    round(reward,1): -7.7
ic| self.player.score: 35.411874999999995
    self.high_score: 30.816374999999994
    round(reward,1): -5.4
ic| self.player.score: 37.66374999999999
    self.high_score: 30.816374999999994
    round(reward,1): -3.2
ic| self.player.score: 39.83125
    self.high_score: 30.816374999999994
    round(reward,1): -1.0
ic| self.player.score: 42.04724999999999
    self.high_score: 42.04724999999999
    round(reward,1): 1.2
ic| self.player.score: 44.040375
    self.high_score: 42.04724999999999
    round(reward,1): -8.0
ic| self.player.score: 46.070375
    self.high_score: 42.04724999999999
    round(reward,1): -6.0
ic| self.player.score: 47.77312499999999
    self.high_score: 42.04724999999999
    round(reward,1): -4.3
ic| self.player.score: 49.51312499999999
    self.high_score: 42.04724999999999
    round(reward,1): -2.5
ic| self.player.score: 51.27312499999999
    self.high_score: 42.04724999999999
    round(reward,1): -0.8
ic| self.player.score: 52.83874999999999
    self.high_score: 52.83874999999999
    round(reward,1): 0.8
ic| self.player.score: 54.31999999999999
    self.high_score: 52.83874999999999
    round(reward,1): -8.5
ic| self.player.score: 55.71687499999999
    self.high_score: 52.83874999999999
    round(reward,1): -7.1
ic| self.player.score: 57.02937499999999
    self.high_score: 52.83874999999999
    round(reward,1): -5.8
ic| self.player.score: 58.40849999999999
    self.high_score: 52.83874999999999
    round(reward,1): -4.4
ic| self.player.score: 59.61049999999999
    self.high_score: 52.83874999999999
    round(reward,1): -3.2
ic| self.player.score: 60.71649999999998
    self.high_score: 52.83874999999999
    round(reward,1): -2.1
ic| self.player.score: 61.66899999999998
    self.high_score: 52.83874999999999
    round(reward,1): -1.2
ic| self.player.score: 62.64012499999998
    self.high_score: 52.83874999999999
    round(reward,1): -0.2
ic| self.player.score: 63.45812499999998
    self.high_score: 63.45812499999998
    round(reward,1): 0.6
ic| self.player.score: 64.18012499999998
    self.high_score: 63.45812499999998
    round(reward,1): -9.3
ic| self.player.score: 64.83887499999997
    self.high_score: 63.45812499999998
    round(reward,1): -8.6
ic| self.player.score: 65.36287499999997
    self.high_score: 63.45812499999998
    round(reward,1): -8.1
ic| self.player.score: 65.83087499999998
    self.high_score: 63.45812499999998
    round(reward,1): -7.6
ic| self.player.score: 66.17737499999998
    self.high_score: 63.45812499999998
    round(reward,1): -7.3
ic| self.player.score: 66.39624999999998
    self.high_score: 63.45812499999998
    round(reward,1): -7.1
ic| self.player.score: 66.50649999999999
    self.high_score: 63.45812499999998
    round(reward,1): -7.0
ic| self.player.score: 66.50649999999999
    self.high_score: 63.45812499999998
    round(reward,1): -7.0
ic| self.player.score: 66.50649999999999
    self.high_score: 63.45812499999998
    round(reward,1): -7.0
ic| self.player.score: 66.50649999999999
    self.high_score: 63.45812499999998
    round(reward,1): -7.0
ic| self.player.score: 66.50649999999999
    self.high_score: 63.45812499999998
    round(reward,1): -7.0
ic| self.player.score: 66.50649999999999
    self.high_score: 63.45812499999998
    round(reward,1): -7.0
ic| self.player.score: 66.50649999999999
    self.high_score: 63.45812499999998
    round(reward,1): -7.0
ic| self.player.score: 66.50649999999999
    self.high_score: 63.45812499999998
    round(reward,1): -7.0
ic| self.player.score: 66.50649999999999
    self.high_score: 63.45812499999998
    round(reward,1): -7.0
ic| self.player.score: 66.50649999999999
    self.high_score: 63.45812499999998
    round(reward,1): -7.0
ic| self.player.score: 66.50649999999999
    self.high_score: 63.45812499999998
    round(reward,1): -7.0
ic| self.player.score: 66.50649999999999
    self.high_score: 63.45812499999998
    round(reward,1): -7.0
ic| self.player.score: 66.50649999999999
    self.high_score: 63.45812499999998
    round(reward,1): -7.0
ic| self.player.score: 66.50649999999999
    self.high_score: 63.45812499999998
    round(reward,1): -7.0
ic| self.player.score: 66.50649999999999
    self.high_score: 63.45812499999998
    round(reward,1): -7.0
ic| self.player.score: 66.50649999999999
    self.high_score: 63.45812499999998
    round(reward,1): -7.0
ic| self.player.score: 66.50649999999999
    self.high_score: 63.45812499999998
    round(reward,1): -7.0
ic| self.player.score: 66.50649999999999
    self.high_score: 63.45812499999998
    round(reward,1): -7.0
ic| self.player.score: 66.50649999999999
    self.high_score: 63.45812499999998
    round(reward,1): -7.0
ic| self.player.score: 66.50649999999999
    self.high_score: 63.45812499999998
    round(reward,1): -7.0
ic| self.player.score: 66.50649999999999
    self.high_score: 63.45812499999998
    round(reward,1): -7.0
ic| self.player.score: 66.50649999999999
    self.high_score: 63.45812499999998
    round(reward,1): -7.0
ic| self.player.score: 66.50649999999999
    self.high_score: 63.45812499999998
    round(reward,1): -7.0
ic| self.player.score: 66.50649999999999
    self.high_score: 63.45812499999998
    round(reward,1): -7.0
ic| self.player.score: 66.50649999999999
    self.high_score: 63.45812499999998
    round(reward,1): -7.0
ic| self.player.score: 66.50649999999999
    self.high_score: 63.45812499999998
    round(reward,1): -7.0
ic| self.player.score: 66.50649999999999
    self.high_score: 63.45812499999998
    round(reward,1): -7.0
ic| self.player.score: 66.50649999999999
    self.high_score: 63.45812499999998
    round(reward,1): -7.0
ic| self.player.score: 66.50649999999999
    self.high_score: 63.45812499999998
    round(reward,1): -7.0
ic| self.player.score: 66.50649999999999
    self.high_score: 63.45812499999998
    round(reward,1): -7.0
ic| self.player.score: 66.50649999999999
    self.high_score: 63.45812499999998
    round(reward,1): -7.0
ic| self.player.score: 66.50649999999999
    self.high_score: 63.45812499999998
    round(reward,1): -7.0
ic| self.player.score: 66.50649999999999
    self.high_score: 63.45812499999998
    round(reward,1): -7.0
ic| self.player.score: 66.50649999999999
    self.high_score: 63.45812499999998
    round(reward,1): -7.0
ic| self.player.score: 66.50649999999999
    self.high_score: 63.45812499999998
    round(reward,1): -7.0
ic| self.player.score: 66.50649999999999
    self.high_score: 63.45812499999998
    round(reward,1): -7.0
ic| self.player.score: 66.50649999999999
    self.high_score: 63.45812499999998
    round(reward,1): -7.0
ic| self.player.score: 66.50649999999999
    self.high_score: 63.45812499999998
    round(reward,1): -7.0
ic| self.player.score: 66.50649999999999
    self.high_score: 63.45812499999998
    round(reward,1): -7.0
ic| self.player.score: 66.50649999999999
    self.high_score: 63.45812499999998
    round(reward,1): -7.0
ic| self.player.score: 66.50649999999999
    self.high_score: 63.45812499999998
    round(reward,1): -7.0
ic| self.player.score: 66.50649999999999
    self.high_score: 63.45812499999998
    round(reward,1): -7.0
ic| self.player.score: 66.50649999999999
    self.high_score: 63.45812499999998
    round(reward,1): -7.0
ic| self.player.score: 66.50649999999999
    self.high_score: 63.45812499999998
    round(reward,1): -7.0
ic| self.player.score: 66.50649999999999
    self.high_score: 63.45812499999998
    round(reward,1): -7.0
ic| self.player.score: 66.50649999999999
    self.high_score: 63.45812499999998
    round(reward,1): -7.0
ic| self.player.score: 66.50649999999999
    self.high_score: 63.45812499999998
    round(reward,1): -7.0
ic| self.player.score: 66.50649999999999
    self.high_score: 63.45812499999998
    round(reward,1): -7.0
ic| self.player.score: 66.50649999999999
    self.high_score: 63.45812499999998
    round(reward,1): -7.0
ic| self.player.score: 66.50649999999999
    self.high_score: 63.45812499999998
    round(reward,1): -7.0
ic| self.player.score: 66.50649999999999
    self.high_score: 63.45812499999998
    round(reward,1): -7.0
ic| self.player.score: 66.50649999999999
    self.high_score: 63.45812499999998
    round(reward,1): -7.0
ic| self.player.score: 66.50649999999999
    self.high_score: 63.45812499999998
    round(reward,1): -7.0
ic| self.player.score: 66.50649999999999
    self.high_score: 63.45812499999998
    round(reward,1): -7.0
ic| self.player.score: 66.50649999999999
    self.high_score: 63.45812499999998
    round(reward,1): -7.0
ic| self.player.score: 66.50649999999999
    self.high_score: 63.45812499999998
    round(reward,1): -7.0
ic| self.player.score: 66.50649999999999
    self.high_score: 63.45812499999998
    round(reward,1): -7.0
ic| self.player.score: 66.50649999999999
    self.high_score: 63.45812499999998
    round(reward,1): -7.0
ic| self.player.score: 66.50649999999999
    self.high_score: 63.45812499999998
    round(reward,1): -7.0
ic| self.player.score: 66.50649999999999
    self.high_score: 63.45812499999998
    round(reward,1): -7.0
ic| self.player.score: 66.50649999999999
    self.high_score: 63.45812499999998
    round(reward,1): -7.0
ic| self.player.score: 66.50649999999999
    self.high_score: 63.45812499999998
    round(reward,1): -7.0
ic| self.player.score: 66.50649999999999
    self.high_score: 63.45812499999998
    round(reward,1): -7.0
ic| self.player.score: 66.50649999999999
    self.high_score: 63.45812499999998
    round(reward,1): -7.0
ic| self.player.score: 66.50649999999999
    self.high_score: 63.45812499999998
    round(reward,1): -7.0
ic| self.player.score: 66.50649999999999
    self.high_score: 63.45812499999998
    round(reward,1): -7.0
ic| self.player.score: 66.50649999999999
    self.high_score: 63.45812499999998
    round(reward,1): -7.0
ic| self.player.score: 66.50649999999999
    self.high_score: 63.45812499999998
    round(reward,1): -7.0
ic| self.player.score: 66.50649999999999
    self.high_score: 63.45812499999998
    round(reward,1): -7.0
ic| self.player.score: 66.50649999999999
    self.high_score: 63.45812499999998
    round(reward,1): -7.0
ic| self.player.score: 66.50649999999999
    self.high_score: 63.45812499999998
    round(reward,1): -7.0
ic| self.player.score: 66.50649999999999
    self.high_score: 63.45812499999998
    round(reward,1): -7.0
ic| self.player.score: 69.925875
    self.high_score: 63.45812499999998
    round(reward,1): -3.5
ic| self.player.score: 73.10062500000001
    self.high_score: 63.45812499999998
    round(reward,1): -0.4
ic| self.player.score: 76.31637500000001
    self.high_score: 76.31637500000001
    round(reward,1): 2.9
ic| self.player.score: 79.55137500000001
    self.high_score: 76.31637500000001
    round(reward,1): -6.8
ic| self.player.score: 82.19275
    self.high_score: 76.31637500000001
    round(reward,1): -4.1
ic| self.player.score: 84.58275
    self.high_score: 76.31637500000001
    round(reward,1): -1.7
ic| self.player.score: 86.739
    self.high_score: 86.739
    round(reward,1): 0.4
ic| self.player.score: 88.81087500000001
    self.high_score: 86.739
    round(reward,1): -7.9
ic| self.player.score: 90.92487500000001
    self.high_score: 86.739
    round(reward,1): -5.8
ic| self.player.score: 93.87987500000001
    self.high_score: 86.739
    round(reward,1): -2.9
ic| self.player.score: 96.82762500000001
    self.high_score: 96.82762500000001
    round(reward,1): 0.1
ic| self.player.score: 98.84637500000001
    self.high_score: 96.82762500000001
    round(reward,1): -8.0
ic| self.player.score: 101.00237500000001
    self.high_score: 96.82762500000001
    round(reward,1): -5.8
ic| self.player.score: 103.13837500000001
    self.high_score: 96.82762500000001
    round(reward,1): -3.7
ic| self.player.score: 104.61887500000002
    self.high_score: 96.82762500000001
    round(reward,1): -2.2
ic| self.player.score: 105.83887500000002
    self.high_score: 96.82762500000001
    round(reward,1): -1.0
ic| self.player.score: 106.96287500000001
    self.high_score: 106.96287500000001
    round(reward,1): 0.1
ic| self.player.score: 108.10587500000001
    self.high_score: 106.96287500000001
    round(reward,1): -8.9
ic| self.player.score: 109.02587500000001
    self.high_score: 106.96287500000001
    round(reward,1): -7.9
ic| self.player.score: 109.84987500000001
    self.high_score: 106.96287500000001
    round(reward,1): -7.1
ic| self.player.score: 110.69300000000001
    self.high_score: 106.96287500000001
    round(reward,1): -6.3
ic| self.player.score: 111.33900000000001
    self.high_score: 106.96287500000001
    round(reward,1): -5.6
ic| self.player.score: 111.94900000000001
    self.high_score: 106.96287500000001
    round(reward,1): -5.0
ic| self.player.score: 112.34100000000001
    self.high_score: 106.96287500000001
    round(reward,1): -4.6
ic| self.player.score: 112.624125
    self.high_score: 106.96287500000001
    round(reward,1): -4.3
ic| self.player.score: 112.85162500000001
    self.high_score: 106.96287500000001
    round(reward,1): -4.1
ic| self.player.score: 112.93787500000002
    self.high_score: 106.96287500000001
    round(reward,1): -4.0
ic| self.player.score: 112.93787500000002
    self.high_score: 106.96287500000001
    round(reward,1): -4.0
ic| self.player.score: 112.93787500000002
    self.high_score: 106.96287500000001
    round(reward,1): -4.0
ic| self.player.score: 112.93787500000002
    self.high_score: 106.96287500000001
    round(reward,1): -4.0
ic| self.player.score: 112.93787500000002
    self.high_score: 106.96287500000001
    round(reward,1): -4.0
ic| self.player.score: 112.93787500000002
    self.high_score: 106.96287500000001
    round(reward,1): -4.0
ic| self.player.score: 112.93787500000002
    self.high_score: 106.96287500000001
    round(reward,1): -4.0
ic| self.player.score: 112.93787500000002
    self.high_score: 106.96287500000001
    round(reward,1): -4.0
ic| self.player.score: 112.93787500000002
    self.high_score: 106.96287500000001
    round(reward,1): -4.0
ic| self.player.score: 112.93787500000002
    self.high_score: 106.96287500000001
    round(reward,1): -4.0
ic| self.player.score: 112.93787500000002
    self.high_score: 106.96287500000001
    round(reward,1): -4.0
ic| self.player.score: 112.93787500000002
    self.high_score: 106.96287500000001
    round(reward,1): -4.0
ic| self.player.score: 112.93787500000002
    self.high_score: 106.96287500000001
    round(reward,1): -4.0
ic| self.player.score: 112.93787500000002
    self.high_score: 106.96287500000001
    round(reward,1): -4.0
ic| self.player.score: 112.93787500000002
    self.high_score: 106.96287500000001
    round(reward,1): -4.0
ic| self.player.score: 112.93787500000002
    self.high_score: 106.96287500000001
    round(reward,1): -4.0
ic| self.player.score: 112.93787500000002
    self.high_score: 106.96287500000001
    round(reward,1): -4.0
ic| self.player.score: 112.93787500000002
    self.high_score: 106.96287500000001
    round(reward,1): -4.0
ic| self.player.score: 112.93787500000002
    self.high_score: 106.96287500000001
    round(reward,1): -4.0
ic| self.player.score: 112.93787500000002
    self.high_score: 106.96287500000001
    round(reward,1): -4.0
ic| self.player.score: 112.93787500000002
    self.high_score: 106.96287500000001
    round(reward,1): -4.0
ic| self.player.score: 112.93787500000002
    self.high_score: 106.96287500000001
    round(reward,1): -4.0
ic| self.player.score: 112.93787500000002
    self.high_score: 106.96287500000001
    round(reward,1): -4.0
ic| self.player.score: 112.93787500000002
    self.high_score: 106.96287500000001
    round(reward,1): -4.0
ic| self.player.score: 112.93787500000002
    self.high_score: 106.96287500000001
    round(reward,1): -4.0
ic| self.player.score: 112.93787500000002
    self.high_score: 106.96287500000001
    round(reward,1): -4.0
ic| self.player.score: 112.93787500000002
    self.high_score: 106.96287500000001
    round(reward,1): -4.0
ic| self.player.score: 112.93787500000002
    self.high_score: 106.96287500000001
    round(reward,1): -4.0
ic| self.player.score: 112.93787500000002
    self.high_score: 106.96287500000001
    round(reward,1): -4.0
ic| self.player.score: 112.93787500000002
    self.high_score: 106.96287500000001
    round(reward,1): -4.0
ic| self.player.score: 112.93787500000002
    self.high_score: 106.96287500000001
    round(reward,1): -4.0
ic| self.player.score: 112.93787500000002
    self.high_score: 106.96287500000001
    round(reward,1): -4.0
ic| self.player.score: 112.93787500000002
    self.high_score: 106.96287500000001
    round(reward,1): -4.0
ic| self.player.score: 112.93787500000002
    self.high_score: 106.96287500000001
    round(reward,1): -4.0
ic| self.player.score: 112.93787500000002
    self.high_score: 106.96287500000001
    round(reward,1): -4.0
ic| self.player.score: 112.93787500000002
    self.high_score: 106.96287500000001
    round(reward,1): -4.0
ic| self.player.score: 112.93787500000002
    self.high_score: 106.96287500000001
    round(reward,1): -4.0
ic| self.player.score: 112.93787500000002
    self.high_score: 106.96287500000001
    round(reward,1): -4.0
ic| self.player.score: 112.93787500000002
    self.high_score: 106.96287500000001
    round(reward,1): -4.0
ic| self.player.score: 112.93787500000002
    self.high_score: 106.96287500000001
    round(reward,1): -4.0
ic| self.player.score: 112.93787500000002
    self.high_score: 106.96287500000001
    round(reward,1): -4.0
ic| self.player.score: 112.93787500000002
    self.high_score: 106.96287500000001
    round(reward,1): -4.0
ic| self.player.score: 112.93787500000002
    self.high_score: 106.96287500000001
    round(reward,1): -4.0
ic| self.player.score: 112.93787500000002
    self.high_score: 106.96287500000001
    round(reward,1): -4.0
ic| self.player.score: 112.93787500000002
    self.high_score: 106.96287500000001
    round(reward,1): -4.0
ic| self.player.score: 112.93787500000002
    self.high_score: 106.96287500000001
    round(reward,1): -4.0
ic| self.player.score: 112.93787500000002
    self.high_score: 106.96287500000001
    round(reward,1): -4.0
ic| self.player.score: 112.93787500000002
    self.high_score: 106.96287500000001
    round(reward,1): -4.0
ic| self.player.score: 112.93787500000002
    self.high_score: 106.96287500000001
    round(reward,1): -4.0
ic| self.player.score: 112.93787500000002
    self.high_score: 106.96287500000001
    round(reward,1): -4.0
ic| self.player.score: 112.93787500000002
    self.high_score: 106.96287500000001
    round(reward,1): -4.0
ic| self.player.score: 112.93787500000002
    self.high_score: 106.96287500000001
    round(reward,1): -4.0
ic| self.player.score: 112.93787500000002
    self.high_score: 106.96287500000001
    round(reward,1): -4.0
ic| self.player.score: 112.93787500000002
    self.high_score: 106.96287500000001
    round(reward,1): -4.0
ic| self.player.score: 112.93787500000002
    self.high_score: 106.96287500000001
    round(reward,1): -4.0
ic| self.player.score: 112.93787500000002
    self.high_score: 106.96287500000001
    round(reward,1): -4.0
ic| self.player.score: 112.93787500000002
    self.high_score: 106.96287500000001
    round(reward,1): -4.0
ic| self.player.score: 112.93787500000002
    self.high_score: 106.96287500000001
    round(reward,1): -4.0
ic| self.player.score: 112.93787500000002
    self.high_score: 106.96287500000001
    round(reward,1): -4.0
ic| self.player.score: 112.93787500000002
    self.high_score: 106.96287500000001
    round(reward,1): -4.0
ic| self.player.score: 112.93787500000002
    self.high_score: 106.96287500000001
    round(reward,1): -4.0
ic| self.player.score: 112.93787500000002
    self.high_score: 106.96287500000001
    round(reward,1): -4.0
ic| self.player.score: 112.93787500000002
    self.high_score: 106.96287500000001
    round(reward,1): -4.0
ic| self.player.score: 112.93787500000002
    self.high_score: 106.96287500000001
    round(reward,1): -4.0
ic| self.player.score: 112.93787500000002
    self.high_score: 106.96287500000001
    round(reward,1): -4.0
ic| self.player.score: 112.93787500000002
    self.high_score: 106.96287500000001
    round(reward,1): -4.0
ic| self.player.score: 112.988625
    self.high_score: 106.96287500000001
    round(reward,1): -4.0
ic| self.player.score: 113.187375
    self.high_score: 106.96287500000001
    round(reward,1): -3.8
ic| self.player.score: 113.30175
    self.high_score: 106.96287500000001
    round(reward,1): -3.7
ic| self.player.score: 113.33175
    self.high_score: 106.96287500000001
    round(reward,1): -3.6
ic| self.player.score: 113.33175
    self.high_score: 106.96287500000001
    round(reward,1): -3.6
ic| self.player.score: 113.33175
    self.high_score: 106.96287500000001
    round(reward,1): -3.6
ic| self.player.score: 113.33175
    self.high_score: 106.96287500000001
    round(reward,1): -3.6
ic| self.player.score: 113.33175
    self.high_score: 106.96287500000001
    round(reward,1): -3.6
ic| self.player.score: 113.33175
    self.high_score: 106.96287500000001
    round(reward,1): -3.6
ic| self.player.score: 113.33175
    self.high_score: 106.96287500000001
    round(reward,1): -3.6
ic| self.player.score: 113.33175
    self.high_score: 106.96287500000001
    round(reward,1): -3.6
ic| self.player.score: 113.33175
    self.high_score: 106.96287500000001
    round(reward,1): -3.6
ic| self.player.score: 113.33175
    self.high_score: 106.96287500000001
    round(reward,1): -3.6
ic| self.player.score: 113.33175
    self.high_score: 106.96287500000001
    round(reward,1): -3.6
ic| self.player.score: 113.33175
    self.high_score: 106.96287500000001
    round(reward,1): -3.6
ic| self.player.score: 113.33175
    self.high_score: 106.96287500000001
    round(reward,1): -3.6
ic| self.player.score: 113.33175
    self.high_score: 106.96287500000001
    round(reward,1): -3.6
ic| self.player.score: 113.33175
    self.high_score: 106.96287500000001
    round(reward,1): -3.6
ic| self.player.score: 113.33175
    self.high_score: 106.96287500000001
    round(reward,1): -3.6
ic| self.player.score: 113.33175
    self.high_score: 106.96287500000001
    round(reward,1): -3.6
ic| self.player.score: 113.33175
    self.high_score: 106.96287500000001
    round(reward,1): -3.6
ic| self.player.score: 113.33175
    self.high_score: 106.96287500000001
    round(reward,1): -3.6
ic| self.player.score: 113.33175
    self.high_score: 106.96287500000001
    round(reward,1): -3.6
ic| self.player.score: 113.33175
    self.high_score: 106.96287500000001
    round(reward,1): -3.6
ic| self.player.score: 113.33175
    self.high_score: 106.96287500000001
    round(reward,1): -3.6
ic| self.player.score: 113.33175
    self.high_score: 106.96287500000001
    round(reward,1): -3.6
ic| self.player.score: 113.33175
    self.high_score: 106.96287500000001
    round(reward,1): -3.6
ic| self.player.score: 113.33175
    self.high_score: 106.96287500000001
    round(reward,1): -3.6
ic| self.player.score: 113.33175
    self.high_score: 106.96287500000001
    round(reward,1): -3.6
ic| self.player.score: 113.33175
    self.high_score: 106.96287500000001
    round(reward,1): -3.6
ic| self.player.score: 113.33175
    self.high_score: 106.96287500000001
    round(reward,1): -3.6
Traceback (most recent call last):
  File "/Users/phan/Documents/GWU/2023 Spring/ML-csci4364/doodle/doodle_gpt.py", line 630, in <module>
    train(agent, env, episodes, timesteps)
  File "/Users/phan/Documents/GWU/2023 Spring/ML-csci4364/doodle/doodle_gpt.py", line 600, in train
    next_state, reward, done = env.step(action)
  File "/Users/phan/Documents/GWU/2023 Spring/ML-csci4364/doodle/doodle_gpt.py", line 92, in step
    self.render()
  File "/Users/phan/Documents/GWU/2023 Spring/ML-csci4364/doodle/doodle_gpt.py", line 207, in render
    text3 = font.render("Best:", True, (0, 0, 0))
KeyboardInterrupt
